c:\users\רן\source\repos\softwareproject\softwareproject\debug\vc141.pdb
c:\users\רן\source\repos\softwareproject\softwareproject\debug\vc141.idb
c:\users\רן\source\repos\softwareproject\softwareproject\debug\strings.obj
c:\users\רן\source\repos\softwareproject\softwareproject\debug\shared.obj
c:\users\רן\source\repos\softwareproject\softwareproject\debug\doublylinkedlist.obj
c:\users\רן\source\repos\softwareproject\softwareproject\debug\enumsubset.obj
c:\users\רן\source\repos\softwareproject\softwareproject\debug\stack.obj
c:\users\רן\source\repos\softwareproject\softwareproject\debug\sudokualgs.obj
c:\users\רן\source\repos\softwareproject\softwareproject\debug\puzzle.obj
c:\users\רן\source\repos\softwareproject\softwareproject\debug\parser.obj
c:\users\רן\source\repos\softwareproject\softwareproject\debug\commands.obj
c:\users\רן\source\repos\softwareproject\softwareproject\debug\mainaux.obj
c:\users\רן\source\repos\softwareproject\softwareproject\debug\main.obj
c:\users\רן\source\repos\softwareproject\softwareproject\debug\io.obj
c:\users\רן\source\repos\softwareproject\softwareproject\debug\activity.obj
c:\users\רן\source\repos\softwareproject\debug\softwareproject.pdb
c:\users\רן\source\repos\softwareproject\softwareproject\debug\softwareproject.tlog\cl.command.1.tlog
c:\users\רן\source\repos\softwareproject\softwareproject\debug\softwareproject.tlog\cl.read.1.tlog
c:\users\רן\source\repos\softwareproject\softwareproject\debug\softwareproject.tlog\cl.write.1.tlog
c:\users\רן\source\repos\softwareproject\softwareproject\debug\softwareproject.tlog\link-cvtres.read.1.tlog
c:\users\רן\source\repos\softwareproject\softwareproject\debug\softwareproject.tlog\link-cvtres.write.1.tlog
c:\users\רן\source\repos\softwareproject\softwareproject\debug\softwareproject.tlog\link-rc.read.1.tlog
c:\users\רן\source\repos\softwareproject\softwareproject\debug\softwareproject.tlog\link-rc.write.1.tlog
c:\users\רן\source\repos\softwareproject\softwareproject\debug\softwareproject.tlog\link.command.1.tlog
c:\users\רן\source\repos\softwareproject\softwareproject\debug\softwareproject.tlog\link.read.1.tlog
c:\users\רן\source\repos\softwareproject\softwareproject\debug\softwareproject.tlog\link.write.1.tlog
